{"/mnt/c/Users/karme/springboard/express-biztime/app.js": {"path":"/mnt/c/Users/karme/springboard/express-biztime/app.js","statementMap":{"0":{"start":{"line":4,"column":16},"end":{"line":4,"column":34}},"1":{"start":{"line":5,"column":11},"end":{"line":5,"column":26}},"2":{"start":{"line":6,"column":21},"end":{"line":6,"column":46}},"3":{"start":{"line":8,"column":19},"end":{"line":8,"column":48}},"4":{"start":{"line":9,"column":22},"end":{"line":9,"column":50}},"5":{"start":{"line":10,"column":23},"end":{"line":10,"column":53}},"6":{"start":{"line":12,"column":12},"end":{"line":12,"column":21}},"7":{"start":{"line":13,"column":0},"end":{"line":13,"column":24}},"8":{"start":{"line":15,"column":0},"end":{"line":15,"column":33}},"9":{"start":{"line":16,"column":0},"end":{"line":16,"column":35}},"10":{"start":{"line":17,"column":0},"end":{"line":17,"column":38}},"11":{"start":{"line":21,"column":0},"end":{"line":24,"column":3}},"12":{"start":{"line":22,"column":14},"end":{"line":22,"column":48}},"13":{"start":{"line":23,"column":2},"end":{"line":23,"column":19}},"14":{"start":{"line":28,"column":0},"end":{"line":35,"column":3}},"15":{"start":{"line":29,"column":2},"end":{"line":29,"column":32}},"16":{"start":{"line":31,"column":2},"end":{"line":34,"column":5}},"17":{"start":{"line":38,"column":0},"end":{"line":38,"column":21}}},"fnMap":{"0":{"name":"(anonymous_0)","decl":{"start":{"line":21,"column":8},"end":{"line":21,"column":9}},"loc":{"start":{"line":21,"column":34},"end":{"line":24,"column":1}},"line":21},"1":{"name":"(anonymous_1)","decl":{"start":{"line":28,"column":8},"end":{"line":28,"column":9}},"loc":{"start":{"line":28,"column":33},"end":{"line":35,"column":1}},"line":28}},"branchMap":{"0":{"loc":{"start":{"line":29,"column":13},"end":{"line":29,"column":30}},"type":"binary-expr","locations":[{"start":{"line":29,"column":13},"end":{"line":29,"column":23}},{"start":{"line":29,"column":27},"end":{"line":29,"column":30}}],"line":29}},"s":{"0":2,"1":2,"2":2,"3":2,"4":2,"5":2,"6":2,"7":2,"8":2,"9":2,"10":2,"11":2,"12":7,"13":7,"14":2,"15":7,"16":7,"17":2},"f":{"0":7,"1":7},"b":{"0":[7,0]},"_coverageSchema":"1a1c01bbd47fc00a2c39e90264f33305004495a9","hash":"29f73ce7b02783800d081d58b4996695c4476eab"}
,"/mnt/c/Users/karme/springboard/express-biztime/db.js": {"path":"/mnt/c/Users/karme/springboard/express-biztime/db.js","statementMap":{"0":{"start":{"line":3,"column":19},"end":{"line":3,"column":32}},"1":{"start":{"line":7,"column":0},"end":{"line":11,"column":1}},"2":{"start":{"line":8,"column":4},"end":{"line":8,"column":42}},"3":{"start":{"line":10,"column":4},"end":{"line":10,"column":36}},"4":{"start":{"line":13,"column":9},"end":{"line":15,"column":2}},"5":{"start":{"line":17,"column":0},"end":{"line":17,"column":12}},"6":{"start":{"line":19,"column":0},"end":{"line":19,"column":19}}},"fnMap":{},"branchMap":{"0":{"loc":{"start":{"line":7,"column":0},"end":{"line":11,"column":1}},"type":"if","locations":[{"start":{"line":7,"column":0},"end":{"line":11,"column":1}},{"start":{"line":9,"column":7},"end":{"line":11,"column":1}}],"line":7}},"s":{"0":2,"1":2,"2":2,"3":0,"4":2,"5":2,"6":2},"f":{},"b":{"0":[2,0]},"_coverageSchema":"1a1c01bbd47fc00a2c39e90264f33305004495a9","hash":"70f06ed42836ac9a332460d5dbeee0d76a2091c1"}
,"/mnt/c/Users/karme/springboard/express-biztime/expressError.js": {"path":"/mnt/c/Users/karme/springboard/express-biztime/expressError.js","statementMap":{"0":{"start":{"line":9,"column":4},"end":{"line":9,"column":12}},"1":{"start":{"line":10,"column":4},"end":{"line":10,"column":27}},"2":{"start":{"line":11,"column":4},"end":{"line":11,"column":25}},"3":{"start":{"line":12,"column":4},"end":{"line":12,"column":30}},"4":{"start":{"line":17,"column":0},"end":{"line":17,"column":30}}},"fnMap":{"0":{"name":"(anonymous_0)","decl":{"start":{"line":8,"column":2},"end":{"line":8,"column":3}},"loc":{"start":{"line":8,"column":31},"end":{"line":13,"column":3}},"line":8}},"branchMap":{},"s":{"0":7,"1":7,"2":7,"3":7,"4":2},"f":{"0":7},"b":{},"_coverageSchema":"1a1c01bbd47fc00a2c39e90264f33305004495a9","hash":"7f9ff27ed65b1d99f14fa6838f7496dec4ed168f"}
,"/mnt/c/Users/karme/springboard/express-biztime/routes/companies.js": {"path":"/mnt/c/Users/karme/springboard/express-biztime/routes/companies.js","statementMap":{"0":{"start":{"line":1,"column":16},"end":{"line":1,"column":34}},"1":{"start":{"line":2,"column":11},"end":{"line":2,"column":27}},"2":{"start":{"line":3,"column":21},"end":{"line":3,"column":47}},"3":{"start":{"line":4,"column":15},"end":{"line":4,"column":35}},"4":{"start":{"line":5,"column":16},"end":{"line":5,"column":34}},"5":{"start":{"line":7,"column":0},"end":{"line":10,"column":2}},"6":{"start":{"line":8,"column":20},"end":{"line":8,"column":61}},"7":{"start":{"line":9,"column":4},"end":{"line":9,"column":48}},"8":{"start":{"line":12,"column":0},"end":{"line":32,"column":2}},"9":{"start":{"line":13,"column":4},"end":{"line":30,"column":5}},"10":{"start":{"line":14,"column":25},"end":{"line":14,"column":35}},"11":{"start":{"line":15,"column":28},"end":{"line":18,"column":31}},"12":{"start":{"line":19,"column":27},"end":{"line":19,"column":96}},"13":{"start":{"line":20,"column":8},"end":{"line":25,"column":9}},"14":{"start":{"line":21,"column":29},"end":{"line":21,"column":66}},"15":{"start":{"line":21,"column":55},"end":{"line":21,"column":65}},"16":{"start":{"line":22,"column":12},"end":{"line":22,"column":112}},"17":{"start":{"line":24,"column":12},"end":{"line":24,"column":25}},"18":{"start":{"line":28,"column":20},"end":{"line":28,"column":73}},"19":{"start":{"line":29,"column":8},"end":{"line":29,"column":17}},"20":{"start":{"line":34,"column":0},"end":{"line":41,"column":2}},"21":{"start":{"line":35,"column":34},"end":{"line":35,"column":42}},"22":{"start":{"line":37,"column":17},"end":{"line":37,"column":30}},"23":{"start":{"line":38,"column":20},"end":{"line":38,"column":145}},"24":{"start":{"line":40,"column":4},"end":{"line":40,"column":61}},"25":{"start":{"line":43,"column":0},"end":{"line":59,"column":2}},"26":{"start":{"line":44,"column":4},"end":{"line":57,"column":5}},"27":{"start":{"line":45,"column":25},"end":{"line":45,"column":35}},"28":{"start":{"line":46,"column":21},"end":{"line":46,"column":83}},"29":{"start":{"line":47,"column":8},"end":{"line":53,"column":9}},"30":{"start":{"line":48,"column":42},"end":{"line":48,"column":50}},"31":{"start":{"line":49,"column":28},"end":{"line":49,"column":143}},"32":{"start":{"line":50,"column":12},"end":{"line":50,"column":106}},"33":{"start":{"line":52,"column":12},"end":{"line":52,"column":25}},"34":{"start":{"line":55,"column":20},"end":{"line":55,"column":73}},"35":{"start":{"line":56,"column":8},"end":{"line":56,"column":17}},"36":{"start":{"line":61,"column":0},"end":{"line":75,"column":2}},"37":{"start":{"line":62,"column":4},"end":{"line":74,"column":5}},"38":{"start":{"line":63,"column":25},"end":{"line":63,"column":35}},"39":{"start":{"line":64,"column":21},"end":{"line":64,"column":83}},"40":{"start":{"line":65,"column":8},"end":{"line":70,"column":9}},"41":{"start":{"line":66,"column":28},"end":{"line":66,"column":89}},"42":{"start":{"line":67,"column":12},"end":{"line":67,"column":62}},"43":{"start":{"line":69,"column":12},"end":{"line":69,"column":25}},"44":{"start":{"line":72,"column":20},"end":{"line":72,"column":73}},"45":{"start":{"line":73,"column":8},"end":{"line":73,"column":17}},"46":{"start":{"line":77,"column":0},"end":{"line":77,"column":24}}},"fnMap":{"0":{"name":"(anonymous_0)","decl":{"start":{"line":7,"column":16},"end":{"line":7,"column":17}},"loc":{"start":{"line":7,"column":42},"end":{"line":10,"column":1}},"line":7},"1":{"name":"(anonymous_1)","decl":{"start":{"line":12,"column":21},"end":{"line":12,"column":22}},"loc":{"start":{"line":12,"column":47},"end":{"line":32,"column":1}},"line":12},"2":{"name":"(anonymous_2)","decl":{"start":{"line":21,"column":50},"end":{"line":21,"column":51}},"loc":{"start":{"line":21,"column":55},"end":{"line":21,"column":65}},"line":21},"3":{"name":"(anonymous_3)","decl":{"start":{"line":34,"column":17},"end":{"line":34,"column":18}},"loc":{"start":{"line":34,"column":43},"end":{"line":41,"column":1}},"line":34},"4":{"name":"(anonymous_4)","decl":{"start":{"line":43,"column":21},"end":{"line":43,"column":22}},"loc":{"start":{"line":43,"column":47},"end":{"line":59,"column":1}},"line":43},"5":{"name":"(anonymous_5)","decl":{"start":{"line":61,"column":24},"end":{"line":61,"column":25}},"loc":{"start":{"line":61,"column":50},"end":{"line":75,"column":1}},"line":61}},"branchMap":{"0":{"loc":{"start":{"line":20,"column":8},"end":{"line":25,"column":9}},"type":"if","locations":[{"start":{"line":20,"column":8},"end":{"line":25,"column":9}},{"start":{"line":23,"column":15},"end":{"line":25,"column":9}}],"line":20},"1":{"loc":{"start":{"line":47,"column":8},"end":{"line":53,"column":9}},"type":"if","locations":[{"start":{"line":47,"column":8},"end":{"line":53,"column":9}},{"start":{"line":51,"column":15},"end":{"line":53,"column":9}}],"line":47},"2":{"loc":{"start":{"line":65,"column":8},"end":{"line":70,"column":9}},"type":"if","locations":[{"start":{"line":65,"column":8},"end":{"line":70,"column":9}},{"start":{"line":68,"column":15},"end":{"line":70,"column":9}}],"line":65}},"s":{"0":2,"1":2,"2":2,"3":2,"4":2,"5":2,"6":1,"7":1,"8":2,"9":2,"10":2,"11":2,"12":2,"13":2,"14":0,"15":0,"16":0,"17":2,"18":0,"19":0,"20":2,"21":1,"22":1,"23":1,"24":1,"25":2,"26":4,"27":4,"28":4,"29":4,"30":1,"31":1,"32":1,"33":3,"34":0,"35":0,"36":2,"37":1,"38":1,"39":1,"40":1,"41":1,"42":1,"43":0,"44":0,"45":0,"46":2},"f":{"0":1,"1":2,"2":0,"3":1,"4":4,"5":1},"b":{"0":[0,2],"1":[1,3],"2":[1,0]},"_coverageSchema":"1a1c01bbd47fc00a2c39e90264f33305004495a9","hash":"bf071595d15c19839c7323bee1a464c91aeef1fa"}
,"/mnt/c/Users/karme/springboard/express-biztime/routes/industries.js": {"path":"/mnt/c/Users/karme/springboard/express-biztime/routes/industries.js","statementMap":{"0":{"start":{"line":1,"column":16},"end":{"line":1,"column":34}},"1":{"start":{"line":2,"column":11},"end":{"line":2,"column":27}},"2":{"start":{"line":3,"column":21},"end":{"line":3,"column":47}},"3":{"start":{"line":4,"column":15},"end":{"line":4,"column":35}},"4":{"start":{"line":6,"column":0},"end":{"line":24,"column":2}},"5":{"start":{"line":7,"column":20},"end":{"line":9,"column":23}},"6":{"start":{"line":11,"column":8},"end":{"line":20,"column":15}},"7":{"start":{"line":11,"column":20},"end":{"line":20,"column":15}},"8":{"start":{"line":23,"column":4},"end":{"line":23,"column":49}},"9":{"start":{"line":26,"column":0},"end":{"line":32,"column":2}},"10":{"start":{"line":27,"column":30},"end":{"line":27,"column":38}},"11":{"start":{"line":29,"column":20},"end":{"line":29,"column":127}},"12":{"start":{"line":31,"column":4},"end":{"line":31,"column":62}},"13":{"start":{"line":34,"column":0},"end":{"line":41,"column":2}},"14":{"start":{"line":35,"column":24},"end":{"line":35,"column":34}},"15":{"start":{"line":36,"column":26},"end":{"line":36,"column":34}},"16":{"start":{"line":38,"column":20},"end":{"line":38,"column":143}},"17":{"start":{"line":40,"column":4},"end":{"line":40,"column":70}},"18":{"start":{"line":43,"column":0},"end":{"line":43,"column":23}}},"fnMap":{"0":{"name":"(anonymous_0)","decl":{"start":{"line":6,"column":16},"end":{"line":6,"column":17}},"loc":{"start":{"line":6,"column":42},"end":{"line":24,"column":1}},"line":6},"1":{"name":"(anonymous_1)","decl":{"start":{"line":26,"column":17},"end":{"line":26,"column":18}},"loc":{"start":{"line":26,"column":43},"end":{"line":32,"column":1}},"line":26},"2":{"name":"(anonymous_2)","decl":{"start":{"line":34,"column":29},"end":{"line":34,"column":30}},"loc":{"start":{"line":34,"column":55},"end":{"line":41,"column":1}},"line":34}},"branchMap":{},"s":{"0":2,"1":2,"2":2,"3":2,"4":2,"5":0,"6":0,"7":0,"8":0,"9":2,"10":0,"11":0,"12":0,"13":2,"14":0,"15":0,"16":0,"17":0,"18":2},"f":{"0":0,"1":0,"2":0},"b":{},"_coverageSchema":"1a1c01bbd47fc00a2c39e90264f33305004495a9","hash":"12c55f3e0e5579decafa4dc29716b46f05e3dc64"}
,"/mnt/c/Users/karme/springboard/express-biztime/routes/invoices.js": {"path":"/mnt/c/Users/karme/springboard/express-biztime/routes/invoices.js","statementMap":{"0":{"start":{"line":1,"column":16},"end":{"line":1,"column":34}},"1":{"start":{"line":2,"column":15},"end":{"line":2,"column":35}},"2":{"start":{"line":3,"column":11},"end":{"line":3,"column":27}},"3":{"start":{"line":4,"column":21},"end":{"line":4,"column":47}},"4":{"start":{"line":6,"column":0},"end":{"line":16,"column":2}},"5":{"start":{"line":7,"column":4},"end":{"line":15,"column":5}},"6":{"start":{"line":8,"column":24},"end":{"line":8,"column":64}},"7":{"start":{"line":10,"column":8},"end":{"line":10,"column":51}},"8":{"start":{"line":13,"column":20},"end":{"line":13,"column":73}},"9":{"start":{"line":14,"column":8},"end":{"line":14,"column":17}},"10":{"start":{"line":18,"column":0},"end":{"line":49,"column":2}},"11":{"start":{"line":19,"column":4},"end":{"line":48,"column":5}},"12":{"start":{"line":20,"column":23},"end":{"line":20,"column":33}},"13":{"start":{"line":21,"column":21},"end":{"line":21,"column":79}},"14":{"start":{"line":22,"column":8},"end":{"line":44,"column":9}},"15":{"start":{"line":23,"column":28},"end":{"line":23,"column":129}},"16":{"start":{"line":26,"column":12},"end":{"line":39,"column":14}},"17":{"start":{"line":43,"column":12},"end":{"line":43,"column":25}},"18":{"start":{"line":46,"column":20},"end":{"line":46,"column":73}},"19":{"start":{"line":47,"column":8},"end":{"line":47,"column":17}},"20":{"start":{"line":51,"column":0},"end":{"line":74,"column":2}},"21":{"start":{"line":52,"column":4},"end":{"line":73,"column":5}},"22":{"start":{"line":53,"column":35},"end":{"line":53,"column":43}},"23":{"start":{"line":54,"column":24},"end":{"line":54,"column":123}},"24":{"start":{"line":56,"column":8},"end":{"line":69,"column":9}},"25":{"start":{"line":57,"column":12},"end":{"line":66,"column":14}},"26":{"start":{"line":68,"column":12},"end":{"line":68,"column":25}},"27":{"start":{"line":71,"column":20},"end":{"line":71,"column":73}},"28":{"start":{"line":72,"column":8},"end":{"line":72,"column":17}},"29":{"start":{"line":76,"column":0},"end":{"line":133,"column":2}},"30":{"start":{"line":77,"column":4},"end":{"line":132,"column":5}},"31":{"start":{"line":78,"column":23},"end":{"line":78,"column":33}},"32":{"start":{"line":79,"column":30},"end":{"line":79,"column":38}},"33":{"start":{"line":80,"column":21},"end":{"line":80,"column":79}},"34":{"start":{"line":81,"column":8},"end":{"line":128,"column":9}},"35":{"start":{"line":83,"column":12},"end":{"line":124,"column":13}},"36":{"start":{"line":84,"column":27},"end":{"line":84,"column":54}},"37":{"start":{"line":85,"column":16},"end":{"line":85,"column":33}},"38":{"start":{"line":86,"column":32},"end":{"line":86,"column":152}},"39":{"start":{"line":87,"column":16},"end":{"line":96,"column":18}},"40":{"start":{"line":97,"column":19},"end":{"line":124,"column":13}},"41":{"start":{"line":99,"column":32},"end":{"line":99,"column":149}},"42":{"start":{"line":100,"column":16},"end":{"line":109,"column":18}},"43":{"start":{"line":113,"column":32},"end":{"line":113,"column":113}},"44":{"start":{"line":114,"column":16},"end":{"line":123,"column":18}},"45":{"start":{"line":127,"column":12},"end":{"line":127,"column":25}},"46":{"start":{"line":130,"column":20},"end":{"line":130,"column":73}},"47":{"start":{"line":131,"column":8},"end":{"line":131,"column":17}},"48":{"start":{"line":135,"column":0},"end":{"line":153,"column":2}},"49":{"start":{"line":136,"column":4},"end":{"line":152,"column":5}},"50":{"start":{"line":137,"column":23},"end":{"line":137,"column":33}},"51":{"start":{"line":138,"column":21},"end":{"line":138,"column":79}},"52":{"start":{"line":139,"column":8},"end":{"line":139,"column":30}},"53":{"start":{"line":140,"column":8},"end":{"line":148,"column":9}},"54":{"start":{"line":141,"column":28},"end":{"line":141,"column":84}},"55":{"start":{"line":143,"column":12},"end":{"line":145,"column":14}},"56":{"start":{"line":147,"column":12},"end":{"line":147,"column":25}},"57":{"start":{"line":150,"column":20},"end":{"line":150,"column":73}},"58":{"start":{"line":151,"column":8},"end":{"line":151,"column":17}},"59":{"start":{"line":155,"column":0},"end":{"line":155,"column":23}}},"fnMap":{"0":{"name":"(anonymous_0)","decl":{"start":{"line":6,"column":16},"end":{"line":6,"column":17}},"loc":{"start":{"line":6,"column":42},"end":{"line":16,"column":1}},"line":6},"1":{"name":"(anonymous_1)","decl":{"start":{"line":18,"column":19},"end":{"line":18,"column":20}},"loc":{"start":{"line":18,"column":45},"end":{"line":49,"column":1}},"line":18},"2":{"name":"(anonymous_2)","decl":{"start":{"line":51,"column":17},"end":{"line":51,"column":18}},"loc":{"start":{"line":51,"column":43},"end":{"line":74,"column":1}},"line":51},"3":{"name":"(anonymous_3)","decl":{"start":{"line":76,"column":19},"end":{"line":76,"column":20}},"loc":{"start":{"line":76,"column":45},"end":{"line":133,"column":1}},"line":76},"4":{"name":"(anonymous_4)","decl":{"start":{"line":135,"column":22},"end":{"line":135,"column":23}},"loc":{"start":{"line":135,"column":48},"end":{"line":153,"column":1}},"line":135}},"branchMap":{"0":{"loc":{"start":{"line":22,"column":8},"end":{"line":44,"column":9}},"type":"if","locations":[{"start":{"line":22,"column":8},"end":{"line":44,"column":9}},{"start":{"line":42,"column":15},"end":{"line":44,"column":9}}],"line":22},"1":{"loc":{"start":{"line":56,"column":8},"end":{"line":69,"column":9}},"type":"if","locations":[{"start":{"line":56,"column":8},"end":{"line":69,"column":9}},{"start":{"line":67,"column":15},"end":{"line":69,"column":9}}],"line":56},"2":{"loc":{"start":{"line":81,"column":8},"end":{"line":128,"column":9}},"type":"if","locations":[{"start":{"line":81,"column":8},"end":{"line":128,"column":9}},{"start":{"line":126,"column":15},"end":{"line":128,"column":9}}],"line":81},"3":{"loc":{"start":{"line":83,"column":12},"end":{"line":124,"column":13}},"type":"if","locations":[{"start":{"line":83,"column":12},"end":{"line":124,"column":13}},{"start":{"line":97,"column":19},"end":{"line":124,"column":13}}],"line":83},"4":{"loc":{"start":{"line":83,"column":16},"end":{"line":83,"column":42}},"type":"binary-expr","locations":[{"start":{"line":83,"column":16},"end":{"line":83,"column":34}},{"start":{"line":83,"column":38},"end":{"line":83,"column":42}}],"line":83},"5":{"loc":{"start":{"line":97,"column":19},"end":{"line":124,"column":13}},"type":"if","locations":[{"start":{"line":97,"column":19},"end":{"line":124,"column":13}},{"start":{"line":111,"column":19},"end":{"line":124,"column":13}}],"line":97},"6":{"loc":{"start":{"line":97,"column":23},"end":{"line":97,"column":63}},"type":"binary-expr","locations":[{"start":{"line":97,"column":23},"end":{"line":97,"column":28}},{"start":{"line":97,"column":32},"end":{"line":97,"column":63}}],"line":97},"7":{"loc":{"start":{"line":140,"column":8},"end":{"line":148,"column":9}},"type":"if","locations":[{"start":{"line":140,"column":8},"end":{"line":148,"column":9}},{"start":{"line":146,"column":15},"end":{"line":148,"column":9}}],"line":140}},"s":{"0":2,"1":2,"2":2,"3":2,"4":2,"5":1,"6":1,"7":1,"8":0,"9":0,"10":2,"11":2,"12":2,"13":2,"14":2,"15":1,"16":1,"17":1,"18":0,"19":0,"20":2,"21":1,"22":1,"23":1,"24":1,"25":1,"26":0,"27":0,"28":0,"29":2,"30":2,"31":2,"32":2,"33":2,"34":2,"35":1,"36":0,"37":0,"38":0,"39":0,"40":1,"41":1,"42":1,"43":0,"44":0,"45":1,"46":0,"47":0,"48":2,"49":1,"50":1,"51":1,"52":1,"53":1,"54":1,"55":1,"56":0,"57":0,"58":0,"59":2},"f":{"0":1,"1":2,"2":1,"3":2,"4":1},"b":{"0":[1,1],"1":[1,0],"2":[1,1],"3":[0,1],"4":[1,1],"5":[1,0],"6":[1,1],"7":[1,0]},"_coverageSchema":"1a1c01bbd47fc00a2c39e90264f33305004495a9","hash":"800540222de822dc8237de98b758edadd4242068"}
}
