TN:
SF:app.js
FN:21,(anonymous_0)
FN:28,(anonymous_1)
FNF:2
FNH:2
FNDA:7,(anonymous_0)
FNDA:7,(anonymous_1)
DA:4,2
DA:5,2
DA:6,2
DA:8,2
DA:9,2
DA:10,2
DA:12,2
DA:13,2
DA:15,2
DA:16,2
DA:17,2
DA:21,2
DA:22,7
DA:23,7
DA:28,2
DA:29,7
DA:31,7
DA:38,2
LF:18
LH:18
BRDA:29,0,0,7
BRDA:29,0,1,0
BRF:2
BRH:1
end_of_record
TN:
SF:db.js
FNF:0
FNH:0
DA:3,2
DA:7,2
DA:8,2
DA:10,0
DA:13,2
DA:17,2
DA:19,2
LF:7
LH:6
BRDA:7,0,0,2
BRDA:7,0,1,0
BRF:2
BRH:1
end_of_record
TN:
SF:expressError.js
FN:8,(anonymous_0)
FNF:1
FNH:1
FNDA:7,(anonymous_0)
DA:9,7
DA:10,7
DA:11,7
DA:12,7
DA:17,2
LF:5
LH:5
BRF:0
BRH:0
end_of_record
TN:
SF:routes/companies.js
FN:7,(anonymous_0)
FN:12,(anonymous_1)
FN:21,(anonymous_2)
FN:34,(anonymous_3)
FN:43,(anonymous_4)
FN:61,(anonymous_5)
FNF:6
FNH:5
FNDA:1,(anonymous_0)
FNDA:2,(anonymous_1)
FNDA:0,(anonymous_2)
FNDA:1,(anonymous_3)
FNDA:4,(anonymous_4)
FNDA:1,(anonymous_5)
DA:1,2
DA:2,2
DA:3,2
DA:4,2
DA:5,2
DA:7,2
DA:8,1
DA:9,1
DA:12,2
DA:13,2
DA:14,2
DA:15,2
DA:19,2
DA:20,2
DA:21,0
DA:22,0
DA:24,2
DA:28,0
DA:29,0
DA:34,2
DA:35,1
DA:37,1
DA:38,1
DA:40,1
DA:43,2
DA:44,4
DA:45,4
DA:46,4
DA:47,4
DA:48,1
DA:49,1
DA:50,1
DA:52,3
DA:55,0
DA:56,0
DA:61,2
DA:62,1
DA:63,1
DA:64,1
DA:65,1
DA:66,1
DA:67,1
DA:69,0
DA:72,0
DA:73,0
DA:77,2
LF:46
LH:37
BRDA:20,0,0,0
BRDA:20,0,1,2
BRDA:47,1,0,1
BRDA:47,1,1,3
BRDA:65,2,0,1
BRDA:65,2,1,0
BRF:6
BRH:4
end_of_record
TN:
SF:routes/industries.js
FN:6,(anonymous_0)
FN:26,(anonymous_1)
FN:34,(anonymous_2)
FNF:3
FNH:0
FNDA:0,(anonymous_0)
FNDA:0,(anonymous_1)
FNDA:0,(anonymous_2)
DA:1,2
DA:2,2
DA:3,2
DA:4,2
DA:6,2
DA:7,0
DA:11,0
DA:23,0
DA:26,2
DA:27,0
DA:29,0
DA:31,0
DA:34,2
DA:35,0
DA:36,0
DA:38,0
DA:40,0
DA:43,2
LF:18
LH:8
BRF:0
BRH:0
end_of_record
TN:
SF:routes/invoices.js
FN:6,(anonymous_0)
FN:18,(anonymous_1)
FN:51,(anonymous_2)
FN:76,(anonymous_3)
FN:135,(anonymous_4)
FNF:5
FNH:5
FNDA:1,(anonymous_0)
FNDA:2,(anonymous_1)
FNDA:1,(anonymous_2)
FNDA:2,(anonymous_3)
FNDA:1,(anonymous_4)
DA:1,2
DA:2,2
DA:3,2
DA:4,2
DA:6,2
DA:7,1
DA:8,1
DA:10,1
DA:13,0
DA:14,0
DA:18,2
DA:19,2
DA:20,2
DA:21,2
DA:22,2
DA:23,1
DA:26,1
DA:43,1
DA:46,0
DA:47,0
DA:51,2
DA:52,1
DA:53,1
DA:54,1
DA:56,1
DA:57,1
DA:68,0
DA:71,0
DA:72,0
DA:76,2
DA:77,2
DA:78,2
DA:79,2
DA:80,2
DA:81,2
DA:83,1
DA:84,0
DA:85,0
DA:86,0
DA:87,0
DA:97,1
DA:99,1
DA:100,1
DA:113,0
DA:114,0
DA:127,1
DA:130,0
DA:131,0
DA:135,2
DA:136,1
DA:137,1
DA:138,1
DA:139,1
DA:140,1
DA:141,1
DA:143,1
DA:147,0
DA:150,0
DA:151,0
DA:155,2
LF:60
LH:42
BRDA:22,0,0,1
BRDA:22,0,1,1
BRDA:56,1,0,1
BRDA:56,1,1,0
BRDA:81,2,0,1
BRDA:81,2,1,1
BRDA:83,3,0,0
BRDA:83,3,1,1
BRDA:83,4,0,1
BRDA:83,4,1,1
BRDA:97,5,0,1
BRDA:97,5,1,0
BRDA:97,6,0,1
BRDA:97,6,1,1
BRDA:140,7,0,1
BRDA:140,7,1,0
BRF:16
BRH:12
end_of_record
